[0714/031349.128:ERROR:process_memory_win.cc(73)] ReadMemory at 0x9c0000 of 64 bytes failed: Запрос ReadProcessMemory или WriteProcessMemory был выполнен только частично. (0x12B)
[0714/031349.131:WARNING:pe_image_reader.cc(340)] could not read dos header from C:\Program Files (x86)\Google\Chrome\Application\chrome.exe
[0714/031349.131:ERROR:process_memory_win.cc(73)] ReadMemory at 0x76f40000 of 64 bytes failed: Запрос ReadProcessMemory или WriteProcessMemory был выполнен только частично. (0x12B)
[0714/031349.131:WARNING:pe_image_reader.cc(340)] could not read dos header from C:\WINDOWS\SYSTEM32\ntdll.dll
[0714/031349.131:ERROR:process_memory_win.cc(73)] ReadMemory at 0x74c20000 of 64 bytes failed: Запрос ReadProcessMemory или WriteProcessMemory был выполнен только частично. (0x12B)
[0714/031349.131:WARNING:pe_image_reader.cc(340)] could not read dos header from C:\WINDOWS\System32\KERNEL32.DLL
[0714/031349.131:ERROR:process_memory_win.cc(73)] ReadMemory at 0x767b0000 of 64 bytes failed: Запрос ReadProcessMemory или WriteProcessMemory был выполнен только частично. (0x12B)
[0714/031349.131:WARNING:pe_image_reader.cc(340)] could not read dos header from C:\WINDOWS\System32\KERNELBASE.dll
[0714/031349.131:ERROR:process_memory_win.cc(73)] ReadMemory at 0x73fa0000 of 64 bytes failed: Запрос ReadProcessMemory или WriteProcessMemory был выполнен только частично. (0x12B)
[0714/031349.131:WARNING:pe_image_reader.cc(340)] could not read dos header from C:\Program Files (x86)\Google\Chrome\Application\83.0.4103.116\chrome_elf.dll
[0714/031349.132:ERROR:process_memory_win.cc(73)] ReadMemory at 0x746e0000 of 64 bytes failed: Запрос ReadProcessMemory или WriteProcessMemory был выполнен только частично. (0x12B)
[0714/031349.132:WARNING:pe_image_reader.cc(340)] could not read dos header from C:\WINDOWS\SYSTEM32\VERSION.dll
[0714/031349.132:ERROR:process_memory_win.cc(73)] ReadMemory at 0x74a50000 of 64 bytes failed: Запрос ReadProcessMemory или WriteProcessMemory был выполнен только частично. (0x12B)
[0714/031349.132:WARNING:pe_image_reader.cc(340)] could not read dos header from C:\WINDOWS\System32\msvcrt.dll
[0714/031349.132:ERROR:process_memory_win.cc(73)] ReadMemory at 0x75440000 of 64 bytes failed: Запрос ReadProcessMemory или WriteProcessMemory был выполнен только частично. (0x12B)
[0714/031349.132:WARNING:pe_image_reader.cc(340)] could not read dos header from C:\WINDOWS\System32\bcryptPrimitives.dll
[0714/031349.132:ERROR:process_memory_win.cc(73)] ReadMemory at 0x75fc0000 of 64 bytes failed: Запрос ReadProcessMemory или WriteProcessMemory был выполнен только частично. (0x12B)
[0714/031349.132:WARNING:pe_image_reader.cc(340)] could not read dos header from C:\WINDOWS\System32\ADVAPI32.dll
[0714/031349.132:ERROR:process_memory_win.cc(73)] ReadMemory at 0x75dd0000 of 64 bytes failed: Запрос ReadProcessMemory или WriteProcessMemory был выполнен только частично. (0x12B)
[0714/031349.132:WARNING:pe_image_reader.cc(340)] could not read dos header from C:\WINDOWS\System32\sechost.dll
[0714/031349.132:ERROR:process_memory_win.cc(73)] ReadMemory at 0x761b0000 of 64 bytes failed: Запрос ReadProcessMemory или WriteProcessMemory был выполнен только частично. (0x12B)
[0714/031349.132:WARNING:pe_image_reader.cc(340)] could not read dos header from C:\WINDOWS\System32\RPCRT4.dll
[0714/031349.132:ERROR:process_memory_win.cc(73)] ReadMemory at 0x74710000 of 64 bytes failed: Запрос ReadProcessMemory или WriteProcessMemory был выполнен только частично. (0x12B)
[0714/031349.132:WARNING:pe_image_reader.cc(340)] could not read dos header from C:\WINDOWS\System32\SspiCli.dll
[0714/031349.132:ERROR:process_memory_win.cc(73)] ReadMemory at 0x74700000 of 64 bytes failed: Запрос ReadProcessMemory или WriteProcessMemory был выполнен только частично. (0x12B)
[0714/031349.132:WARNING:pe_image_reader.cc(340)] could not read dos header from C:\WINDOWS\System32\CRYPTBASE.dll
[0714/031349.133:ERROR:process_memory_win.cc(73)] ReadMemory at 0x6c6f0000 of 64 bytes failed: Запрос ReadProcessMemory или WriteProcessMemory был выполнен только частично. (0x12B)
[0714/031349.133:WARNING:pe_image_reader.cc(340)] could not read dos header from C:\Program Files (x86)\Google\Chrome\Application\83.0.4103.116\chrome.dll
[0714/031349.133:ERROR:process_memory_win.cc(73)] ReadMemory at 0x749d0000 of 64 bytes failed: Запрос ReadProcessMemory или WriteProcessMemory был выполнен только частично. (0x12B)
[0714/031349.133:WARNING:pe_image_reader.cc(340)] could not read dos header from C:\WINDOWS\System32\WS2_32.dll
[0714/031349.133:ERROR:process_memory_win.cc(73)] ReadMemory at 0x74b20000 of 64 bytes failed: Запрос ReadProcessMemory или WriteProcessMemory был выполнен только частично. (0x12B)
[0714/031349.133:WARNING:pe_image_reader.cc(340)] could not read dos header from C:\WINDOWS\System32\OLEAUT32.dll
[0714/031349.133:ERROR:process_memory_win.cc(73)] ReadMemory at 0x75c70000 of 64 bytes failed: Запрос ReadProcessMemory или WriteProcessMemory был выполнен только частично. (0x12B)
[0714/031349.133:WARNING:pe_image_reader.cc(340)] could not read dos header from C:\WINDOWS\System32\msvcp_win.dll
[0714/031349.133:ERROR:process_memory_win.cc(73)] ReadMemory at 0x74880000 of 64 bytes failed: Запрос ReadProcessMemory или WriteProcessMemory был выполнен только частично. (0x12B)
[0714/031349.133:WARNING:pe_image_reader.cc(340)] could not read dos header from C:\WINDOWS\System32\ucrtbase.dll
[0714/031349.133:ERROR:process_memory_win.cc(73)] ReadMemory at 0x76280000 of 64 bytes failed: Запрос ReadProcessMemory или WriteProcessMemory был выполнен только частично. (0x12B)
[0714/031349.133:WARNING:pe_image_reader.cc(340)] could not read dos header from C:\WINDOWS\System32\combase.dll
[0714/031349.133:ERROR:process_memory_win.cc(73)] ReadMemory at 0x75530000 of 64 bytes failed: Запрос ReadProcessMemory или WriteProcessMemory был выполнен только частично. (0x12B)
[0714/031349.133:WARNING:pe_image_reader.cc(340)] could not read dos header from C:\WINDOWS\System32\WINTRUST.dll
[0714/031349.133:ERROR:process_memory_win.cc(73)] ReadMemory at 0x76270000 of 64 bytes failed: Запрос ReadProcessMemory или WriteProcessMemory был выполнен только частично. (0x12B)
[0714/031349.133:WARNING:pe_image_reader.cc(340)] could not read dos header from C:\WINDOWS\System32\MSASN1.dll
[0714/031349.133:ERROR:process_memory_win.cc(73)] ReadMemory at 0x74730000 of 64 bytes failed: Запрос ReadProcessMemory или WriteProcessMemory был выполнен только частично. (0x12B)
[0714/031349.133:WARNING:pe_image_reader.cc(340)] could not read dos header from C:\WINDOWS\System32\CRYPT32.dll
[0714/031349.134:ERROR:process_memory_win.cc(73)] ReadMemory at 0x74390000 of 64 bytes failed: Запрос ReadProcessMemory или WriteProcessMemory был выполнен только частично. (0x12B)
[0714/031349.134:WARNING:pe_image_reader.cc(340)] could not read dos header from C:\WINDOWS\SYSTEM32\IPHLPAPI.DLL
[0714/031349.134:ERROR:process_memory_win.cc(73)] ReadMemory at 0x73380000 of 64 bytes failed: Запрос ReadProcessMemory или WriteProcessMemory был выполнен только частично. (0x12B)
[0714/031349.134:WARNING:pe_image_reader.cc(340)] could not read dos header from C:\WINDOWS\SYSTEM32\WINMM.dll
[0714/031349.134:ERROR:process_memory_win.cc(73)] ReadMemory at 0x73370000 of 64 bytes failed: Запрос ReadProcessMemory или WriteProcessMemory был выполнен только частично. (0x12B)
[0714/031349.134:WARNING:pe_image_reader.cc(340)] could not read dos header from C:\WINDOWS\SYSTEM32\Secur32.dll
[0714/031349.134:ERROR:process_memory_win.cc(73)] ReadMemory at 0x74060000 of 64 bytes failed: Запрос ReadProcessMemory или WriteProcessMemory был выполнен только частично. (0x12B)
[0714/031349.134:WARNING:pe_image_reader.cc(340)] could not read dos header from C:\WINDOWS\SYSTEM32\USERENV.dll
[0714/031349.134:ERROR:process_memory_win.cc(73)] ReadMemory at 0x75e80000 of 64 bytes failed: Запрос ReadProcessMemory или WriteProcessMemory был выполнен только частично. (0x12B)
[0714/031349.134:WARNING:pe_image_reader.cc(340)] could not read dos header from C:\WINDOWS\System32\profapi.dll
[0714/031349.134:ERROR:process_memory_win.cc(73)] ReadMemory at 0x73d20000 of 64 bytes failed: Запрос ReadProcessMemory или WriteProcessMemory был выполнен только частично. (0x12B)
[0714/031349.134:WARNING:pe_image_reader.cc(340)] could not read dos header from C:\WINDOWS\SYSTEM32\UIAutomationCore.DLL
[0714/031349.134:ERROR:process_memory_win.cc(73)] ReadMemory at 0x73aa0000 of 64 bytes failed: Запрос ReadProcessMemory или WriteProcessMemory был выполнен только частично. (0x12B)
[0714/031349.135:WARNING:pe_image_reader.cc(340)] could not read dos header from C:\WINDOWS\SYSTEM32\DWrite.dll
[0714/031349.135:ERROR:process_memory_win.cc(73)] ReadMemory at 0x73a30000 of 64 bytes failed: Запрос ReadProcessMemory или WriteProcessMemory был выполнен только частично. (0x12B)
[0714/031349.135:WARNING:pe_image_reader.cc(340)] could not read dos header from C:\WINDOWS\SYSTEM32\WINSPOOL.DRV
[0714/031349.135:ERROR:process_memory_win.cc(73)] ReadMemory at 0x76040000 of 64 bytes failed: Запрос ReadProcessMemory или WriteProcessMemory был выполнен только частично. (0x12B)
[0714/031349.135:WARNING:pe_image_reader.cc(340)] could not read dos header from C:\WINDOWS\System32\kernel.appcore.dll
[0714/031349.135:ERROR:process_memory_win.cc(73)] ReadMemory at 0x75580000 of 64 bytes failed: Запрос ReadProcessMemory или WriteProcessMemory был выполнен только частично. (0x12B)
[0714/031349.135:WARNING:pe_image_reader.cc(340)] could not read dos header from C:\WINDOWS\System32\bcrypt.dll
[0714/031349.135:ERROR:process_memory_win.cc(73)] ReadMemory at 0x74550000 of 64 bytes failed: Запрос ReadProcessMemory или WriteProcessMemory был выполнен только частично. (0x12B)
[0714/031349.135:WARNING:pe_image_reader.cc(340)] could not read dos header from C:\WINDOWS\SYSTEM32\dbghelp.dll
[0714/031349.135:ERROR:process_memory_win.cc(73)] ReadMemory at 0x6c120000 of 64 bytes failed: Запрос ReadProcessMemory или WriteProcessMemory был выполнен только частично. (0x12B)
[0714/031349.135:WARNING:pe_image_reader.cc(340)] could not read dos header from C:\WINDOWS\SYSTEM32\WINHTTP.dll
[0714/031349.135:ERROR:process_memory_win.cc(73)] ReadMemory at 0x74350000 of 64 bytes failed: Запрос ReadProcessMemory или WriteProcessMemory был выполнен только частично. (0x12B)
[0714/031349.135:WARNING:pe_image_reader.cc(340)] could not read dos header from C:\WINDOWS\SYSTEM32\dhcpcsvc.DLL
[0714/031349.136:ERROR:process_memory_win.cc(73)] ReadMemory at 0x75fb0000 of 64 bytes failed: Запрос ReadProcessMemory или WriteProcessMemory был выполнен только частично. (0x12B)
[0714/031349.136:WARNING:pe_image_reader.cc(340)] could not read dos header from C:\WINDOWS\System32\NSI.dll
[0714/031349.136:ERROR:process_memory_win.cc(73)] ReadMemory at 0x6c0f0000 of 64 bytes failed: Запрос ReadProcessMemory или WriteProcessMemory был выполнен только частично. (0x12B)
[0714/031349.136:WARNING:pe_image_reader.cc(340)] could not read dos header from C:\WINDOWS\SYSTEM32\WINMMBASE.dll
[0714/031349.136:ERROR:process_memory_win.cc(73)] ReadMemory at 0x76ee0000 of 64 bytes failed: Запрос ReadProcessMemory или WriteProcessMemory был выполнен только частично. (0x12B)
[0714/031349.136:WARNING:pe_image_reader.cc(340)] could not read dos header from C:\WINDOWS\System32\cfgmgr32.dll
[0714/031349.136:ERROR:process_memory_win.cc(73)] ReadMemory at 0x73960000 of 64 bytes failed: Запрос ReadProcessMemory или WriteProcessMemory был выполнен только частично. (0x12B)
[0714/031349.136:WARNING:pe_image_reader.cc(340)] could not read dos header from C:\WINDOWS\SYSTEM32\PROPSYS.dll
[0714/031349.136:ERROR:process_memory_win.cc(73)] ReadMemory at 0x75f20000 of 64 bytes failed: Запрос ReadProcessMemory или WriteProcessMemory был выполнен только частично. (0x12B)
[0714/031349.136:WARNING:pe_image_reader.cc(340)] could not read dos header from C:\WINDOWS\System32\shcore.dll
[0714/031349.136:ERROR:process_memory_win.cc(73)] ReadMemory at 0x74d00000 of 64 bytes failed: Запрос ReadProcessMemory или WriteProcessMemory был выполнен только частично. (0x12B)
[0714/031349.136:WARNING:pe_image_reader.cc(340)] could not read dos header from C:\WINDOWS\System32\SHELL32.dll
[0714/031349.136:ERROR:process_memory_win.cc(73)] ReadMemory at 0x755a0000 of 64 bytes failed: Запрос ReadProcessMemory или WriteProcessMemory был выполнен только частично. (0x12B)
[0714/031349.137:WARNING:pe_image_reader.cc(340)] could not read dos header from C:\WINDOWS\System32\windows.storage.dll
[0714/031349.137:ERROR:process_memory_win.cc(73)] ReadMemory at 0x74830000 of 64 bytes failed: Запрос ReadProcessMemory или WriteProcessMemory был выполнен только частично. (0x12B)
[0714/031349.137:WARNING:pe_image_reader.cc(340)] could not read dos header from C:\WINDOWS\System32\powrprof.dll
[0714/031349.137:ERROR:process_memory_win.cc(73)] ReadMemory at 0x75e70000 of 64 bytes failed: Запрос ReadProcessMemory или WriteProcessMemory был выполнен только частично. (0x12B)
[0714/031349.137:WARNING:pe_image_reader.cc(340)] could not read dos header from C:\WINDOWS\System32\UMPDC.dll
[0714/031349.137:ERROR:process_memory_win.cc(73)] ReadMemory at 0x75280000 of 64 bytes failed: Запрос ReadProcessMemory или WriteProcessMemory был выполнен только частично. (0x12B)
[0714/031349.137:WARNING:pe_image_reader.cc(340)] could not read dos header from C:\WINDOWS\System32\shlwapi.dll
[0714/031349.137:ERROR:process_memory_win.cc(73)] ReadMemory at 0x75cf0000 of 64 bytes failed: Запрос ReadProcessMemory или WriteProcessMemory был выполнен только частично. (0x12B)
[0714/031349.137:WARNING:pe_image_reader.cc(340)] could not read dos header from C:\WINDOWS\System32\GDI32.dll
[0714/031349.137:ERROR:process_memory_win.cc(73)] ReadMemory at 0x75ea0000 of 64 bytes failed: Запрос ReadProcessMemory или WriteProcessMemory был выполнен только частично. (0x12B)
[0714/031349.137:WARNING:pe_image_reader.cc(340)] could not read dos header from C:\WINDOWS\System32\win32u.dll
[0714/031349.137:ERROR:process_memory_win.cc(73)] ReadMemory at 0x76050000 of 64 bytes failed: Запрос ReadProcessMemory или WriteProcessMemory был выполнен только частично. (0x12B)
[0714/031349.137:WARNING:pe_image_reader.cc(340)] could not read dos header from C:\WINDOWS\System32\gdi32full.dll
[0714/031349.138:ERROR:process_memory_win.cc(73)] ReadMemory at 0x76500000 of 64 bytes failed: Запрос ReadProcessMemory или WriteProcessMemory был выполнен только частично. (0x12B)
[0714/031349.138:WARNING:pe_image_reader.cc(340)] could not read dos header from C:\WINDOWS\System32\USER32.dll
[0714/031349.138:ERROR:process_memory_win.cc(73)] ReadMemory at 0x75e50000 of 64 bytes failed: Запрос ReadProcessMemory или WriteProcessMemory был выполнен только частично. (0x12B)
[0714/031349.138:WARNING:pe_image_reader.cc(340)] could not read dos header from C:\WINDOWS\System32\cryptsp.dll
[0714/031349.138:ERROR:process_memory_win.cc(73)] ReadMemory at 0x749a0000 of 64 bytes failed: Запрос ReadProcessMemory или WriteProcessMemory был выполнен только частично. (0x12B)
[0714/031349.138:WARNING:pe_image_reader.cc(340)] could not read dos header from C:\WINDOWS\System32\IMM32.DLL
[0714/031349.158:ERROR:process_memory_win.cc(73)] ReadMemory at 0x5378000 of 32768 bytes failed: Запрос ReadProcessMemory или WriteProcessMemory был выполнен только частично. (0x12B)
[0714/031349.158:ERROR:process_memory_win.cc(73)] ReadMemory at 0x74be000 of 8192 bytes failed: Запрос ReadProcessMemory или WriteProcessMemory был выполнен только частично. (0x12B)
[0714/031349.158:ERROR:process_memory_win.cc(73)] ReadMemory at 0x75bd000 of 12288 bytes failed: Запрос ReadProcessMemory или WriteProcessMemory был выполнен только частично. (0x12B)
[0714/031349.158:ERROR:process_memory_win.cc(73)] ReadMemory at 0x76fe000 of 8192 bytes failed: Запрос ReadProcessMemory или WriteProcessMemory был выполнен только частично. (0x12B)
[0714/031349.159:ERROR:process_memory_win.cc(73)] ReadMemory at 0x783e000 of 8192 bytes failed: Запрос ReadProcessMemory или WriteProcessMemory был выполнен только частично. (0x12B)
[0714/031349.159:ERROR:process_memory_win.cc(73)] ReadMemory at 0x79ff000 of 4096 bytes failed: Запрос ReadProcessMemory или WriteProcessMemory был выполнен только частично. (0x12B)
[0714/031349.159:ERROR:process_memory_win.cc(73)] ReadMemory at 0x7b3e000 of 8192 bytes failed: Запрос ReadProcessMemory или WriteProcessMemory был выполнен только частично. (0x12B)
[0714/031349.159:ERROR:process_memory_win.cc(73)] ReadMemory at 0x7e7d000 of 12288 bytes failed: Запрос ReadProcessMemory или WriteProcessMemory был выполнен только частично. (0x12B)
[0714/031349.159:ERROR:process_memory_win.cc(73)] ReadMemory at 0x7fbe000 of 8192 bytes failed: Запрос ReadProcessMemory или WriteProcessMemory был выполнен только частично. (0x12B)
[0714/031349.159:ERROR:process_memory_win.cc(73)] ReadMemory at 0x88fe000 of 8192 bytes failed: Запрос ReadProcessMemory или WriteProcessMemory был выполнен только частично. (0x12B)
[0714/031349.159:ERROR:process_memory_win.cc(73)] ReadMemory at 0x80fe000 of 8192 bytes failed: Запрос ReadProcessMemory или WriteProcessMemory был выполнен только частично. (0x12B)
[0714/031349.160:ERROR:process_memory_win.cc(73)] ReadMemory at 0x823e000 of 8192 bytes failed: Запрос ReadProcessMemory или WriteProcessMemory был выполнен только частично. (0x12B)
[0714/031349.160:ERROR:process_memory_win.cc(73)] ReadMemory at 0x857a000 of 24576 bytes failed: Запрос ReadProcessMemory или WriteProcessMemory был выполнен только частично. (0x12B)
[0714/031349.160:ERROR:process_memory_win.cc(73)] ReadMemory at 0x86be000 of 8192 bytes failed: Запрос ReadProcessMemory или WriteProcessMemory был выполнен только частично. (0x12B)
[0714/031349.160:ERROR:process_memory_win.cc(73)] ReadMemory at 0x89fe000 of 8192 bytes failed: Запрос ReadProcessMemory или WriteProcessMemory был выполнен только частично. (0x12B)
[0714/031349.160:ERROR:process_memory_win.cc(73)] ReadMemory at 0x8b3e000 of 8192 bytes failed: Запрос ReadProcessMemory или WriteProcessMemory был выполнен только частично. (0x12B)
[0714/031349.160:ERROR:process_memory_win.cc(73)] ReadMemory at 0x508cf80 of 688 bytes failed: Запрос ReadProcessMemory или WriteProcessMemory был выполнен только частично. (0x12B)
[0714/031349.160:ERROR:process_memory_win.cc(73)] ReadMemory at 0x5090000 of 3992 bytes failed: Запрос ReadProcessMemory или WriteProcessMemory был выполнен только частично. (0x12B)
[0714/031349.160:ERROR:process_memory_win.cc(73)] ReadMemory at 0x5093000 of 3992 bytes failed: Запрос ReadProcessMemory или WriteProcessMemory был выполнен только частично. (0x12B)
[0714/031349.161:ERROR:process_memory_win.cc(73)] ReadMemory at 0x5096000 of 3992 bytes failed: Запрос ReadProcessMemory или WriteProcessMemory был выполнен только частично. (0x12B)
[0714/031349.161:ERROR:process_memory_win.cc(73)] ReadMemory at 0x5099000 of 3992 bytes failed: Запрос ReadProcessMemory или WriteProcessMemory был выполнен только частично. (0x12B)
[0714/031349.161:ERROR:process_memory_win.cc(73)] ReadMemory at 0x509c000 of 3992 bytes failed: Запрос ReadProcessMemory или WriteProcessMemory был выполнен только частично. (0x12B)
[0714/031349.161:ERROR:process_memory_win.cc(73)] ReadMemory at 0x509f000 of 3992 bytes failed: Запрос ReadProcessMemory или WriteProcessMemory был выполнен только частично. (0x12B)
[0714/031349.161:ERROR:process_memory_win.cc(73)] ReadMemory at 0x50a2000 of 3992 bytes failed: Запрос ReadProcessMemory или WriteProcessMemory был выполнен только частично. (0x12B)
[0714/031349.161:ERROR:process_memory_win.cc(73)] ReadMemory at 0x50a5000 of 3992 bytes failed: Запрос ReadProcessMemory или WriteProcessMemory был выполнен только частично. (0x12B)
[0714/031349.161:ERROR:process_memory_win.cc(73)] ReadMemory at 0x50a8000 of 3992 bytes failed: Запрос ReadProcessMemory или WriteProcessMemory был выполнен только частично. (0x12B)
[0714/031349.162:ERROR:process_memory_win.cc(73)] ReadMemory at 0x50ab000 of 3992 bytes failed: Запрос ReadProcessMemory или WriteProcessMemory был выполнен только частично. (0x12B)
[0714/031349.162:ERROR:process_memory_win.cc(73)] ReadMemory at 0x50ae000 of 3992 bytes failed: Запрос ReadProcessMemory или WriteProcessMemory был выполнен только частично. (0x12B)
[0714/031349.162:ERROR:process_memory_win.cc(73)] ReadMemory at 0x50b1000 of 3992 bytes failed: Запрос ReadProcessMemory или WriteProcessMemory был выполнен только частично. (0x12B)
[0714/031349.162:ERROR:process_memory_win.cc(73)] ReadMemory at 0x50b4000 of 3992 bytes failed: Запрос ReadProcessMemory или WriteProcessMemory был выполнен только частично. (0x12B)
[0714/031349.162:ERROR:process_memory_win.cc(73)] ReadMemory at 0x50b7000 of 3992 bytes failed: Запрос ReadProcessMemory или WriteProcessMemory был выполнен только частично. (0x12B)
[0714/031349.162:ERROR:process_memory_win.cc(73)] ReadMemory at 0x50ba000 of 3992 bytes failed: Запрос ReadProcessMemory или WriteProcessMemory был выполнен только частично. (0x12B)
[0714/031349.162:ERROR:process_memory_win.cc(73)] ReadMemory at 0x50bd000 of 3992 bytes failed: Запрос ReadProcessMemory или WriteProcessMemory был выполнен только частично. (0x12B)
[0714/031349.163:ERROR:process_memory_win.cc(73)] ReadMemory at 0x56804b0 of 72 bytes failed: Запрос ReadProcessMemory или WriteProcessMemory был выполнен только частично. (0x12B)
[0714/031349.163:ERROR:process_memory_win.cc(73)] ReadMemory at 0x5680560 of 76 bytes failed: Запрос ReadProcessMemory или WriteProcessMemory был выполнен только частично. (0x12B)
[0714/031349.163:ERROR:process_memory_win.cc(73)] ReadMemory at 0x5680af0 of 5830 bytes failed: Запрос ReadProcessMemory или WriteProcessMemory был выполнен только частично. (0x12B)
[0714/031349.163:ERROR:process_memory_win.cc(73)] ReadMemory at 0x56821c0 of 660 bytes failed: Запрос ReadProcessMemory или WriteProcessMemory был выполнен только частично. (0x12B)
[0714/031349.163:ERROR:process_memory_win.cc(73)] ReadMemory at 0x5682684 of 118 bytes failed: Запрос ReadProcessMemory или WriteProcessMemory был выполнен только частично. (0x12B)
[0714/031349.163:ERROR:process_memory_win.cc(73)] ReadMemory at 0x56826fc of 1256 bytes failed: Запрос ReadProcessMemory или WriteProcessMemory был выполнен только частично. (0x12B)
[0714/031349.163:ERROR:process_memory_win.cc(73)] ReadMemory at 0x5682be6 of 118 bytes failed: Запрос ReadProcessMemory или WriteProcessMemory был выполнен только частично. (0x12B)
[0714/031349.163:ERROR:process_memory_win.cc(73)] ReadMemory at 0x5682c5e of 100 bytes failed: Запрос ReadProcessMemory или WriteProcessMemory был выполнен только частично. (0x12B)
[0714/031349.164:ERROR:process_memory_win.cc(73)] ReadMemory at 0x5684398 of 58 bytes failed: Запрос ReadProcessMemory или WriteProcessMemory был выполнен только частично. (0x12B)
[0714/031349.164:ERROR:process_memory_win.cc(73)] ReadMemory at 0x5684488 of 72 bytes failed: Запрос ReadProcessMemory или WriteProcessMemory был выполнен только частично. (0x12B)
[0714/031349.164:ERROR:process_memory_win.cc(73)] ReadMemory at 0x5684570 of 72 bytes failed: Запрос ReadProcessMemory или WriteProcessMemory был выполнен только частично. (0x12B)
[0714/031349.164:ERROR:process_memory_win.cc(73)] ReadMemory at 0x5684670 of 126 bytes failed: Запрос ReadProcessMemory или WriteProcessMemory был выполнен только частично. (0x12B)
[0714/031349.164:ERROR:process_memory_win.cc(73)] ReadMemory at 0x56849a0 of 72 bytes failed: Запрос ReadProcessMemory или WriteProcessMemory был выполнен только частично. (0x12B)
[0714/031349.164:ERROR:process_memory_win.cc(73)] ReadMemory at 0x5684a88 of 64 bytes failed: Запрос ReadProcessMemory или WriteProcessMemory был выполнен только частично. (0x12B)
[0714/031349.164:ERROR:process_memory_win.cc(73)] ReadMemory at 0x5684b70 of 72 bytes failed: Запрос ReadProcessMemory или WriteProcessMemory был выполнен только частично. (0x12B)
[0714/031349.164:ERROR:process_memory_win.cc(73)] ReadMemory at 0x5684d00 of 72 bytes failed: Запрос ReadProcessMemory или WriteProcessMemory был выполнен только частично. (0x12B)
[0714/031349.165:ERROR:process_memory_win.cc(73)] ReadMemory at 0x5684de8 of 68 bytes failed: Запрос ReadProcessMemory или WriteProcessMemory был выполнен только частично. (0x12B)
[0714/031349.165:ERROR:process_memory_win.cc(73)] ReadMemory at 0x5685808 of 72 bytes failed: Запрос ReadProcessMemory или WriteProcessMemory был выполнен только частично. (0x12B)
[0714/031349.165:ERROR:process_memory_win.cc(73)] ReadMemory at 0x5685918 of 72 bytes failed: Запрос ReadProcessMemory или WriteProcessMemory был выполнен только частично. (0x12B)
[0714/031349.165:ERROR:process_memory_win.cc(73)] ReadMemory at 0x5685a00 of 154 bytes failed: Запрос ReadProcessMemory или WriteProcessMemory был выполнен только частично. (0x12B)
[0714/031349.165:ERROR:process_memory_win.cc(73)] ReadMemory at 0x5686520 of 64 bytes failed: Запрос ReadProcessMemory или WriteProcessMemory был выполнен только частично. (0x12B)
[0714/031349.165:ERROR:process_memory_win.cc(73)] ReadMemory at 0x56865f8 of 62 bytes failed: Запрос ReadProcessMemory или WriteProcessMemory был выполнен только частично. (0x12B)
[0714/031349.165:ERROR:process_memory_win.cc(73)] ReadMemory at 0x56866d0 of 72 bytes failed: Запрос ReadProcessMemory или WriteProcessMemory был выполнен только частично. (0x12B)
[0714/031349.165:ERROR:process_memory_win.cc(73)] ReadMemory at 0x5686780 of 60 bytes failed: Запрос ReadProcessMemory или WriteProcessMemory был выполнен только частично. (0x12B)
[0714/031349.165:ERROR:process_memory_win.cc(73)] ReadMemory at 0x5688488 of 64 bytes failed: Запрос ReadProcessMemory или WriteProcessMemory был выполнен только частично. (0x12B)
[0714/031349.165:ERROR:process_memory_win.cc(73)] ReadMemory at 0x56884f8 of 72 bytes failed: Запрос ReadProcessMemory или WriteProcessMemory был выполнен только частично. (0x12B)
[0714/031349.166:ERROR:process_memory_win.cc(73)] ReadMemory at 0x56885e0 of 80 bytes failed: Запрос ReadProcessMemory или WriteProcessMemory был выполнен только частично. (0x12B)
[0714/031349.166:ERROR:process_memory_win.cc(73)] ReadMemory at 0x5688878 of 64 bytes failed: Запрос ReadProcessMemory или WriteProcessMemory был выполнен только частично. (0x12B)
[0714/031349.166:ERROR:process_memory_win.cc(73)] ReadMemory at 0x568ba60 of 72 bytes failed: Запрос ReadProcessMemory или WriteProcessMemory был выполнен только частично. (0x12B)
[0714/031349.166:ERROR:process_memory_win.cc(73)] ReadMemory at 0x568c288 of 64 bytes failed: Запрос ReadProcessMemory или WriteProcessMemory был выполнен только частично. (0x12B)
[0714/031349.166:ERROR:process_memory_win.cc(73)] ReadMemory at 0x568c520 of 146 bytes failed: Запрос ReadProcessMemory или WriteProcessMemory был выполнен только частично. (0x12B)
[0714/031349.166:ERROR:process_memory_win.cc(73)] ReadMemory at 0x568c9c8 of 72 bytes failed: Запрос ReadProcessMemory или WriteProcessMemory был выполнен только частично. (0x12B)
[0714/031349.166:ERROR:process_memory_win.cc(73)] ReadMemory at 0x568ca78 of 54 bytes failed: Запрос ReadProcessMemory или WriteProcessMemory был выполнен только частично. (0x12B)
[0714/031349.166:ERROR:process_memory_win.cc(73)] ReadMemory at 0x568d2f8 of 60 bytes failed: Запрос ReadProcessMemory или WriteProcessMemory был выполнен только частично. (0x12B)
[0714/031349.166:ERROR:process_memory_win.cc(73)] ReadMemory at 0x568d340 of 62 bytes failed: Запрос ReadProcessMemory или WriteProcessMemory был выполнен только частично. (0x12B)
[0714/031349.167:ERROR:process_memory_win.cc(73)] ReadMemory at 0x568d388 of 62 bytes failed: Запрос ReadProcessMemory или WriteProcessMemory был выполнен только частично. (0x12B)
[0714/031349.167:ERROR:process_memory_win.cc(73)] ReadMemory at 0x568d3d0 of 62 bytes failed: Запрос ReadProcessMemory или WriteProcessMemory был выполнен только частично. (0x12B)
[0714/031349.167:ERROR:process_memory_win.cc(73)] ReadMemory at 0x568d460 of 60 bytes failed: Запрос ReadProcessMemory или WriteProcessMemory был выполнен только частично. (0x12B)
[0714/031349.167:ERROR:process_memory_win.cc(73)] ReadMemory at 0x568d6e8 of 60 bytes failed: Запрос ReadProcessMemory или WriteProcessMemory был выполнен только частично. (0x12B)
[0714/031349.167:ERROR:process_memory_win.cc(73)] ReadMemory at 0x568d730 of 62 bytes failed: Запрос ReadProcessMemory или WriteProcessMemory был выполнен только частично. (0x12B)
[0714/031349.167:ERROR:process_memory_win.cc(73)] ReadMemory at 0x568d778 of 60 bytes failed: Запрос ReadProcessMemory или WriteProcessMemory был выполнен только частично. (0x12B)
[0714/031349.167:ERROR:process_memory_win.cc(73)] ReadMemory at 0x568d7c0 of 62 bytes failed: Запрос ReadProcessMemory или WriteProcessMemory был выполнен только частично. (0x12B)
[0714/031349.167:ERROR:process_memory_win.cc(73)] ReadMemory at 0x568d970 of 58 bytes failed: Запрос ReadProcessMemory или WriteProcessMemory был выполнен только частично. (0x12B)
[0714/031349.167:ERROR:process_memory_win.cc(73)] ReadMemory at 0x568d9b8 of 62 bytes failed: Запрос ReadProcessMemory или WriteProcessMemory был выполнен только частично. (0x12B)
[0714/031349.168:ERROR:process_memory_win.cc(73)] ReadMemory at 0x568da48 of 62 bytes failed: Запрос ReadProcessMemory или WriteProcessMemory был выполнен только частично. (0x12B)
[0714/031349.168:ERROR:process_memory_win.cc(73)] ReadMemory at 0x568da90 of 60 bytes failed: Запрос ReadProcessMemory или WriteProcessMemory был выполнен только частично. (0x12B)
[0714/031349.168:ERROR:process_memory_win.cc(73)] ReadMemory at 0x568e348 of 72 bytes failed: Запрос ReadProcessMemory или WriteProcessMemory был выполнен только частично. (0x12B)
[0714/031349.168:ERROR:process_memory_win.cc(73)] ReadMemory at 0x568e4a0 of 66 bytes failed: Запрос ReadProcessMemory или WriteProcessMemory был выполнен только частично. (0x12B)
[0714/031349.168:ERROR:process_memory_win.cc(73)] ReadMemory at 0x568e618 of 64 bytes failed: Запрос ReadProcessMemory или WriteProcessMemory был выполнен только частично. (0x12B)
[0714/031349.168:ERROR:process_memory_win.cc(73)] ReadMemory at 0x5691a48 of 72 bytes failed: Запрос ReadProcessMemory или WriteProcessMemory был выполнен только частично. (0x12B)
[0714/031349.168:ERROR:process_memory_win.cc(73)] ReadMemory at 0x5691b88 of 72 bytes failed: Запрос ReadProcessMemory или WriteProcessMemory был выполнен только частично. (0x12B)
[0714/031349.168:ERROR:process_memory_win.cc(73)] ReadMemory at 0x5691ee0 of 66 bytes failed: Запрос ReadProcessMemory или WriteProcessMemory был выполнен только частично. (0x12B)
[0714/031349.168:ERROR:process_memory_win.cc(73)] ReadMemory at 0x56921f8 of 64 bytes failed: Запрос ReadProcessMemory или WriteProcessMemory был выполнен только частично. (0x12B)
[0714/031349.169:ERROR:process_memory_win.cc(73)] ReadMemory at 0x5692248 of 80 bytes failed: Запрос ReadProcessMemory или WriteProcessMemory был выполнен только частично. (0x12B)
[0714/031349.169:ERROR:process_memory_win.cc(73)] ReadMemory at 0x56925d0 of 64 bytes failed: Запрос ReadProcessMemory или WriteProcessMemory был выполнен только частично. (0x12B)
[0714/031349.169:ERROR:process_memory_win.cc(73)] ReadMemory at 0x56926a8 of 66 bytes failed: Запрос ReadProcessMemory или WriteProcessMemory был выполнен только частично. (0x12B)
[0714/031349.169:ERROR:process_memory_win.cc(73)] ReadMemory at 0x5695710 of 72 bytes failed: Запрос ReadProcessMemory или WriteProcessMemory был выполнен только частично. (0x12B)
[0714/031349.169:ERROR:process_memory_win.cc(73)] ReadMemory at 0x5695870 of 72 bytes failed: Запрос ReadProcessMemory или WriteProcessMemory был выполнен только частично. (0x12B)
[0714/031349.169:ERROR:process_memory_win.cc(73)] ReadMemory at 0x5695920 of 72 bytes failed: Запрос ReadProcessMemory или WriteProcessMemory был выполнен только частично. (0x12B)
[0714/031349.169:ERROR:process_memory_win.cc(73)] ReadMemory at 0x56959d0 of 72 bytes failed: Запрос ReadProcessMemory или WriteProcessMemory был выполнен только частично. (0x12B)
[0714/031349.169:ERROR:process_memory_win.cc(73)] ReadMemory at 0x5695a80 of 72 bytes failed: Запрос ReadProcessMemory или WriteProcessMemory был выполнен только частично. (0x12B)
[0714/031349.169:ERROR:process_memory_win.cc(73)] ReadMemory at 0x5695be0 of 72 bytes failed: Запрос ReadProcessMemory или WriteProcessMemory был выполнен только частично. (0x12B)
[0714/031349.169:ERROR:process_memory_win.cc(73)] ReadMemory at 0x5695c90 of 72 bytes failed: Запрос ReadProcessMemory или WriteProcessMemory был выполнен только частично. (0x12B)
[0714/031349.170:ERROR:process_memory_win.cc(73)] ReadMemory at 0x5695d40 of 72 bytes failed: Запрос ReadProcessMemory или WriteProcessMemory был выполнен только частично. (0x12B)
[0714/031349.170:ERROR:process_memory_win.cc(73)] ReadMemory at 0x5695df0 of 72 bytes failed: Запрос ReadProcessMemory или WriteProcessMemory был выполнен только частично. (0x12B)
[0714/031349.170:ERROR:process_memory_win.cc(73)] ReadMemory at 0x5695ea0 of 72 bytes failed: Запрос ReadProcessMemory или WriteProcessMemory был выполнен только частично. (0x12B)
[0714/031349.170:ERROR:process_memory_win.cc(73)] ReadMemory at 0x5695f50 of 72 bytes failed: Запрос ReadProcessMemory или WriteProcessMemory был выполнен только частично. (0x12B)
[0714/031349.170:ERROR:process_memory_win.cc(73)] ReadMemory at 0x5696000 of 72 bytes failed: Запрос ReadProcessMemory или WriteProcessMemory был выполнен только частично. (0x12B)
[0714/031349.170:ERROR:process_memory_win.cc(73)] ReadMemory at 0x56960b0 of 72 bytes failed: Запрос ReadProcessMemory или WriteProcessMemory был выполнен только частично. (0x12B)
[0714/031349.170:ERROR:process_memory_win.cc(73)] ReadMemory at 0x5696160 of 72 bytes failed: Запрос ReadProcessMemory или WriteProcessMemory был выполнен только частично. (0x12B)
[0714/031349.170:ERROR:process_memory_win.cc(73)] ReadMemory at 0x5696210 of 72 bytes failed: Запрос ReadProcessMemory или WriteProcessMemory был выполнен только частично. (0x12B)
[0714/031349.171:ERROR:process_memory_win.cc(73)] ReadMemory at 0x56962c0 of 72 bytes failed: Запрос ReadProcessMemory или WriteProcessMemory был выполнен только частично. (0x12B)
[0714/031349.171:ERROR:process_memory_win.cc(73)] ReadMemory at 0x5696370 of 72 bytes failed: Запрос ReadProcessMemory или WriteProcessMemory был выполнен только частично. (0x12B)
[0714/031349.171:ERROR:process_memory_win.cc(73)] ReadMemory at 0x5696420 of 72 bytes failed: Запрос ReadProcessMemory или WriteProcessMemory был выполнен только частично. (0x12B)
[0714/031349.171:ERROR:process_memory_win.cc(73)] ReadMemory at 0x56964d0 of 72 bytes failed: Запрос ReadProcessMemory или WriteProcessMemory был выполнен только частично. (0x12B)
[0714/031349.171:ERROR:process_memory_win.cc(73)] ReadMemory at 0x5696580 of 72 bytes failed: Запрос ReadProcessMemory или WriteProcessMemory был выполнен только частично. (0x12B)
[0714/031349.171:ERROR:process_memory_win.cc(73)] ReadMemory at 0x5698730 of 72 bytes failed: Запрос ReadProcessMemory или WriteProcessMemory был выполнен только частично. (0x12B)
[0714/031349.171:ERROR:process_memory_win.cc(73)] ReadMemory at 0x5698940 of 72 bytes failed: Запрос ReadProcessMemory или WriteProcessMemory был выполнен только частично. (0x12B)
[0714/031349.171:ERROR:process_memory_win.cc(73)] ReadMemory at 0x56989f0 of 72 bytes failed: Запрос ReadProcessMemory или WriteProcessMemory был выполнен только частично. (0x12B)
[0714/031349.171:ERROR:process_memory_win.cc(73)] ReadMemory at 0x5698ec0 of 72 bytes failed: Запрос ReadProcessMemory или WriteProcessMemory был выполнен только частично. (0x12B)
[0714/031349.171:ERROR:process_memory_win.cc(73)] ReadMemory at 0x5698f70 of 72 bytes failed: Запрос ReadProcessMemory или WriteProcessMemory был выполнен только частично. (0x12B)
[0714/031349.172:ERROR:process_memory_win.cc(73)] ReadMemory at 0x5699180 of 72 bytes failed: Запрос ReadProcessMemory или WriteProcessMemory был выполнен только частично. (0x12B)
[0714/031349.172:ERROR:process_memory_win.cc(73)] ReadMemory at 0x5699390 of 72 bytes failed: Запрос ReadProcessMemory или WriteProcessMemory был выполнен только частично. (0x12B)
[0714/031349.172:ERROR:process_memory_win.cc(73)] ReadMemory at 0x5699440 of 72 bytes failed: Запрос ReadProcessMemory или WriteProcessMemory был выполнен только частично. (0x12B)
[0714/031349.172:ERROR:process_memory_win.cc(73)] ReadMemory at 0x56994f0 of 72 bytes failed: Запрос ReadProcessMemory или WriteProcessMemory был выполнен только частично. (0x12B)
[0714/031349.172:ERROR:process_memory_win.cc(73)] ReadMemory at 0x5699650 of 72 bytes failed: Запрос ReadProcessMemory или WriteProcessMemory был выполнен только частично. (0x12B)
[0714/031349.172:ERROR:process_memory_win.cc(73)] ReadMemory at 0x5699700 of 72 bytes failed: Запрос ReadProcessMemory или WriteProcessMemory был выполнен только частично. (0x12B)
[0714/031349.172:ERROR:process_memory_win.cc(73)] ReadMemory at 0x56997b0 of 72 bytes failed: Запрос ReadProcessMemory или WriteProcessMemory был выполнен только частично. (0x12B)
[0714/031349.172:ERROR:process_memory_win.cc(73)] ReadMemory at 0x5699860 of 72 bytes failed: Запрос ReadProcessMemory или WriteProcessMemory был выполнен только частично. (0x12B)
[0714/031349.173:ERROR:process_memory_win.cc(73)] ReadMemory at 0x5699910 of 72 bytes failed: Запрос ReadProcessMemory или WriteProcessMemory был выполнен только частично. (0x12B)
[0714/031349.173:ERROR:process_memory_win.cc(73)] ReadMemory at 0x56999c0 of 72 bytes failed: Запрос ReadProcessMemory или WriteProcessMemory был выполнен только частично. (0x12B)
[0714/031349.173:ERROR:process_memory_win.cc(73)] ReadMemory at 0x5699c80 of 72 bytes failed: Запрос ReadProcessMemory или WriteProcessMemory был выполнен только частично. (0x12B)
[0714/031349.173:ERROR:process_memory_win.cc(73)] ReadMemory at 0x569b038 of 60 bytes failed: Запрос ReadProcessMemory или WriteProcessMemory был выполнен только частично. (0x12B)
[0714/031349.173:ERROR:process_memory_win.cc(73)] ReadMemory at 0x569b0c8 of 60 bytes failed: Запрос ReadProcessMemory или WriteProcessMemory был выполнен только частично. (0x12B)
[0714/031349.173:ERROR:process_memory_win.cc(73)] ReadMemory at 0x569b1e8 of 58 bytes failed: Запрос ReadProcessMemory или WriteProcessMemory был выполнен только частично. (0x12B)
[0714/031349.173:ERROR:process_memory_win.cc(73)] ReadMemory at 0x569b230 of 58 bytes failed: Запрос ReadProcessMemory или WriteProcessMemory был выполнен только частично. (0x12B)
[0714/031349.173:ERROR:process_memory_win.cc(73)] ReadMemory at 0x569b278 of 58 bytes failed: Запрос ReadProcessMemory или WriteProcessMemory был выполнен только частично. (0x12B)
[0714/031349.173:ERROR:process_memory_win.cc(73)] ReadMemory at 0x569b308 of 62 bytes failed: Запрос ReadProcessMemory или WriteProcessMemory был выполнен только частично. (0x12B)
[0714/031349.174:ERROR:process_memory_win.cc(73)] ReadMemory at 0x569b350 of 62 bytes failed: Запрос ReadProcessMemory или WriteProcessMemory был выполнен только частично. (0x12B)
[0714/031349.174:ERROR:process_memory_win.cc(73)] ReadMemory at 0x569b3e0 of 62 bytes failed: Запрос ReadProcessMemory или WriteProcessMemory был выполнен только частично. (0x12B)
[0714/031349.174:ERROR:process_memory_win.cc(73)] ReadMemory at 0x569b470 of 62 bytes failed: Запрос ReadProcessMemory или WriteProcessMemory был выполнен только частично. (0x12B)
[0714/031349.174:ERROR:process_memory_win.cc(73)] ReadMemory at 0x569b548 of 62 bytes failed: Запрос ReadProcessMemory или WriteProcessMemory был выполнен только частично. (0x12B)
[0714/031349.174:ERROR:process_memory_win.cc(73)] ReadMemory at 0x569b590 of 60 bytes failed: Запрос ReadProcessMemory или WriteProcessMemory был выполнен только частично. (0x12B)
[0714/031349.174:ERROR:process_memory_win.cc(73)] ReadMemory at 0x569b6b0 of 62 bytes failed: Запрос ReadProcessMemory или WriteProcessMemory был выполнен только частично. (0x12B)
[0714/031349.174:ERROR:process_memory_win.cc(73)] ReadMemory at 0x569b710 of 64 bytes failed: Запрос ReadProcessMemory или WriteProcessMemory был выполнен только частично. (0x12B)
[0714/031349.174:ERROR:process_memory_win.cc(73)] ReadMemory at 0x569b760 of 78 bytes failed: Запрос ReadProcessMemory или WriteProcessMemory был выполнен только частично. (0x12B)
[0714/031349.174:ERROR:process_memory_win.cc(73)] ReadMemory at 0x569f5c0 of 66 bytes failed: Запрос ReadProcessMemory или WriteProcessMemory был выполнен только частично. (0x12B)
[0714/031349.174:ERROR:process_memory_win.cc(73)] ReadMemory at 0x569f840 of 64 bytes failed: Запрос ReadProcessMemory или WriteProcessMemory был выполнен только частично. (0x12B)
[0714/031349.175:ERROR:process_memory_win.cc(73)] ReadMemory at 0x56b2e48 of 512 bytes failed: Запрос ReadProcessMemory или WriteProcessMemory был выполнен только частично. (0x12B)
[0714/031349.175:ERROR:process_memory_win.cc(73)] ReadMemory at 0x5ae4090 of 528 bytes failed: Запрос ReadProcessMemory или WriteProcessMemory был выполнен только частично. (0x12B)
[0714/031349.175:ERROR:process_memory_win.cc(73)] ReadMemory at 0x5af2178 of 612 bytes failed: Запрос ReadProcessMemory или WriteProcessMemory был выполнен только частично. (0x12B)
[0714/031349.175:ERROR:process_memory_win.cc(73)] ReadMemory at 0x5b31330 of 512 bytes failed: Запрос ReadProcessMemory или WriteProcessMemory был выполнен только частично. (0x12B)
[0714/031349.175:ERROR:process_memory_win.cc(73)] ReadMemory at 0x74c319e0 of 512 bytes failed: Запрос ReadProcessMemory или WriteProcessMemory был выполнен только частично. (0x12B)
[0714/031349.175:ERROR:process_memory_win.cc(73)] ReadMemory at 0x768c4382 of 512 bytes failed: Запрос ReadProcessMemory или WriteProcessMemory был выполнен только частично. (0x12B)
[0714/031349.175:ERROR:process_memory_win.cc(73)] ReadMemory at 0x76f49270 of 18 bytes failed: Запрос ReadProcessMemory или WriteProcessMemory был выполнен только частично. (0x12B)
[0714/031349.175:ERROR:process_memory_win.cc(73)] ReadMemory at 0x76f963e0 of 512 bytes failed: Запрос ReadProcessMemory или WriteProcessMemory был выполнен только частично. (0x12B)
[0714/031349.176:ERROR:process_memory_win.cc(73)] ReadMemory at 0x76fb1dcc of 592 bytes failed: Запрос ReadProcessMemory или WriteProcessMemory был выполнен только частично. (0x12B)
[0714/031349.176:ERROR:process_memory_win.cc(73)] ReadMemory at 0x76fb20ec of 512 bytes failed: Запрос ReadProcessMemory или WriteProcessMemory был выполнен только частично. (0x12B)
[0714/031349.176:ERROR:process_memory_win.cc(73)] ReadMemory at 0x76fb3a4c of 560 bytes failed: Запрос ReadProcessMemory или WriteProcessMemory был выполнен только частично. (0x12B)
[0714/031349.176:ERROR:process_memory_win.cc(73)] ReadMemory at 0x7705b3d0 of 24 bytes failed: Запрос ReadProcessMemory или WriteProcessMemory был выполнен только частично. (0x12B)
[0714/031349.176:ERROR:process_memory_win.cc(73)] ReadMemory at 0x7705b76c of 32 bytes failed: Запрос ReadProcessMemory или WriteProcessMemory был выполнен только частично. (0x12B)
[0714/031349.176:ERROR:process_memory_win.cc(73)] ReadMemory at 0x7705dca0 of 36 bytes failed: Запрос ReadProcessMemory или WriteProcessMemory был выполнен только частично. (0x12B)
[0714/031349.178:ERROR:scoped_process_suspend.cc(40)] NtResumeProcess: Попытка доступа к процессу, выполняющему процедуру завершения. (0xc000010a)
